<?xml version="1.0" encoding="UTF-8"?>
<testng-results skipped="0" failed="0" ignored="0" total="1" passed="1">
  <reporter-output>
  </reporter-output>
  <suite name="Default suite" duration-ms="17435" started-at="2018-04-06T08:19:06Z" finished-at="2018-04-06T08:19:23Z">
    <groups>
    </groups>
    <test name="Default test" duration-ms="17435" started-at="2018-04-06T08:19:06Z" finished-at="2018-04-06T08:19:23Z">
      <class name="org.selenium.test.DataBaseTesting">
        <test-method status="PASS" signature="testLogin()[pri:0, instance:org.selenium.test.DataBaseTesting@1c9b0314]" name="testLogin" duration-ms="17397" started-at="2018-04-06T08:19:06Z" finished-at="2018-04-06T08:19:23Z">
          <reporter-output>
          </reporter-output>
        </test-method> <!-- testLogin -->
      </class> <!-- org.selenium.test.DataBaseTesting -->
    </test> <!-- Default test -->
  </suite> <!-- Default suite -->
</testng-results>
